# JRE version: OpenJDK Runtime Environment (11.0.8+10) (build 11.0.8+10-b944.6842174)
# Java VM: OpenJDK 64-Bit Server VM (11.0.8+10-b944.6842174, mixed mode, tiered, compressed oops, g1 gc, windows-amd64)
Heap:
 garbage-first heap   total 381952K, used 131695K [0x0000000080000000, 0x0000000100000000)
  region size 1024K, 10 young (10240K), 10 survivors (10240K)
 Metaspace       used 111130K, capacity 113625K, committed 113920K, reserved 1148928K
  class space    used 13673K, capacity 14575K, committed 14720K, reserved 1048576K
GC Heap History (20 events):
Event: 20.232 GC heap after
{Heap after GC invocations=42 (full 0):
 garbage-first heap   total 212992K, used 118290K [0x0000000080000000, 0x0000000100000000)
  region size 1024K, 3 young (3072K), 3 survivors (3072K)
 Metaspace       used 109681K, capacity 112144K, committed 112640K, reserved 1146880K
  class space    used 13619K, capacity 14503K, committed 14720K, reserved 1048576K
}
Event: 20.380 GC heap before
{Heap before GC invocations=42 (full 0):
 garbage-first heap   total 212992K, used 174610K [0x0000000080000000, 0x0000000100000000)
  region size 1024K, 59 young (60416K), 3 survivors (3072K)
 Metaspace       used 109717K, capacity 112240K, committed 112640K, reserved 1146880K
  class space    used 13629K, capacity 14535K, committed 14720K, reserved 1048576K
}
Event: 20.388 GC heap after
{Heap after GC invocations=43 (full 0):
 garbage-first heap   total 212992K, used 120876K [0x0000000080000000, 0x0000000100000000)
  region size 1024K, 5 young (5120K), 5 survivors (5120K)
 Metaspace       used 109717K, capacity 112240K, committed 112640K, reserved 1146880K
  class space    used 13629K, capacity 14535K, committed 14720K, reserved 1048576K
}
Event: 20.500 GC heap before
{Heap before GC invocations=44 (full 0):
 garbage-first heap   total 212992K, used 177196K [0x0000000080000000, 0x0000000100000000)
  region size 1024K, 61 young (62464K), 5 survivors (5120K)
 Metaspace       used 109726K, capacity 112240K, committed 112640K, reserved 1146880K
  class space    used 13629K, capacity 14535K, committed 14720K, reserved 1048576K
}
Event: 20.507 GC heap after
{Heap after GC invocations=45 (full 0):
 garbage-first heap   total 261120K, used 122531K [0x0000000080000000, 0x0000000100000000)
  region size 1024K, 5 young (5120K), 5 survivors (5120K)
 Metaspace       used 109726K, capacity 112240K, committed 112640K, reserved 1146880K
  class space    used 13629K, capacity 14535K, committed 14720K, reserved 1048576K
}
Event: 20.525 GC heap before
{Heap before GC invocations=45 (full 0):
 garbage-first heap   total 261120K, used 129699K [0x0000000080000000, 0x0000000100000000)
  region size 1024K, 12 young (12288K), 5 survivors (5120K)
 Metaspace       used 109784K, capacity 112308K, committed 112896K, reserved 1146880K
  class space    used 13632K, capacity 14535K, committed 14720K, reserved 1048576K
}
Event: 20.531 GC heap after
{Heap after GC invocations=46 (full 0):
 garbage-first heap   total 261120K, used 123574K [0x0000000080000000, 0x0000000100000000)
  region size 1024K, 2 young (2048K), 2 survivors (2048K)
 Metaspace       used 109784K, capacity 112308K, committed 112896K, reserved 1146880K
  class space    used 13632K, capacity 14535K, committed 14720K, reserved 1048576K
}
Event: 20.693 GC heap before
{Heap before GC invocations=46 (full 0):
 garbage-first heap   total 261120K, used 200374K [0x0000000080000000, 0x0000000100000000)
  region size 1024K, 77 young (78848K), 2 survivors (2048K)
 Metaspace       used 110445K, capacity 112896K, committed 113408K, reserved 1148928K
  class space    used 13656K, capacity 14535K, committed 14720K, reserved 1048576K
}
Event: 20.697 GC heap after
{Heap after GC invocations=47 (full 0):
 garbage-first heap   total 261120K, used 124961K [0x0000000080000000, 0x0000000100000000)
  region size 1024K, 3 young (3072K), 3 survivors (3072K)
 Metaspace       used 110445K, capacity 112896K, committed 113408K, reserved 1148928K
  class space    used 13656K, capacity 14535K, committed 14720K, reserved 1048576K
}
Event: 20.803 GC heap before
{Heap before GC invocations=47 (full 0):
 garbage-first heap   total 261120K, used 202785K [0x0000000080000000, 0x0000000100000000)
  region size 1024K, 80 young (81920K), 3 survivors (3072K)
 Metaspace       used 110681K, capacity 113184K, committed 113664K, reserved 1148928K
  class space    used 13660K, capacity 14567K, committed 14720K, reserved 1048576K
}
Event: 20.806 GC heap after
{Heap after GC invocations=48 (full 0):
 garbage-first heap   total 261120K, used 125646K [0x0000000080000000, 0x0000000100000000)
  region size 1024K, 4 young (4096K), 4 survivors (4096K)
 Metaspace       used 110681K, capacity 113184K, committed 113664K, reserved 1148928K
  class space    used 13660K, capacity 14567K, committed 14720K, reserved 1048576K
}
Event: 20.930 GC heap before
{Heap before GC invocations=48 (full 0):
 garbage-first heap   total 261120K, used 205518K [0x0000000080000000, 0x0000000100000000)
  region size 1024K, 82 young (83968K), 4 survivors (4096K)
 Metaspace       used 110845K, capacity 113386K, committed 113920K, reserved 1148928K
  class space    used 13662K, capacity 14567K, committed 14720K, reserved 1048576K
}
Event: 20.934 GC heap after
{Heap after GC invocations=49 (full 0):
 garbage-first heap   total 313344K, used 125705K [0x0000000080000000, 0x0000000100000000)
  region size 1024K, 4 young (4096K), 4 survivors (4096K)
 Metaspace       used 110845K, capacity 113386K, committed 113920K, reserved 1148928K
  class space    used 13662K, capacity 14567K, committed 14720K, reserved 1048576K
}
Event: 21.092 GC heap before
{Heap before GC invocations=49 (full 0):
 garbage-first heap   total 313344K, used 240393K [0x0000000080000000, 0x0000000100000000)
  region size 1024K, 116 young (118784K), 4 survivors (4096K)
 Metaspace       used 110985K, capacity 113477K, committed 113920K, reserved 1148928K
  class space    used 13663K, capacity 14570K, committed 14720K, reserved 1048576K
}
Event: 21.096 GC heap after
{Heap after GC invocations=50 (full 0):
 garbage-first heap   total 313344K, used 126767K [0x0000000080000000, 0x0000000100000000)
  region size 1024K, 5 young (5120K), 5 survivors (5120K)
 Metaspace       used 110985K, capacity 113477K, committed 113920K, reserved 1148928K
  class space    used 13663K, capacity 14570K, committed 14720K, reserved 1048576K
}
Event: 21.242 GC heap before
{Heap before GC invocations=50 (full 0):
 garbage-first heap   total 313344K, used 252719K [0x0000000080000000, 0x0000000100000000)
  region size 1024K, 128 young (131072K), 5 survivors (5120K)
 Metaspace       used 111046K, capacity 113558K, committed 113920K, reserved 1148928K
  class space    used 13666K, capacity 14574K, committed 14720K, reserved 1048576K
}
Event: 21.248 GC heap after
{Heap after GC invocations=51 (full 0):
 garbage-first heap   total 313344K, used 129195K [0x0000000080000000, 0x0000000100000000)
  region size 1024K, 7 young (7168K), 7 survivors (7168K)
 Metaspace       used 111046K, capacity 113558K, committed 113920K, reserved 1148928K
  class space    used 13666K, capacity 14574K, committed 14720K, reserved 1048576K
}
Event: 21.413 GC heap before
{Heap before GC invocations=51 (full 0):
 garbage-first heap   total 313344K, used 259243K [0x0000000080000000, 0x0000000100000000)
  region size 1024K, 134 young (137216K), 7 survivors (7168K)
 Metaspace       used 111109K, capacity 113625K, committed 113920K, reserved 1148928K
  class space    used 13673K, capacity 14575K, committed 14720K, reserved 1048576K
}
Event: 21.419 GC heap after
{Heap after GC invocations=52 (full 0):
 garbage-first heap   total 313344K, used 130196K [0x0000000080000000, 0x0000000100000000)
  region size 1024K, 8 young (8192K), 8 survivors (8192K)
 Metaspace       used 111109K, capacity 113625K, committed 113920K, reserved 1148928K
  class space    used 13673K, capacity 14575K, committed 14720K, reserved 1048576K
}
Event: 21.595 GC heap before
{Heap before GC invocations=52 (full 0):
 garbage-first heap   total 313344K, used 261268K [0x0000000080000000, 0x0000000100000000)
  region size 1024K, 137 young (140288K), 8 survivors (8192K)
 Metaspace       used 111130K, capacity 113625K, committed 113920K, reserved 1148928K
  class space    used 13673K, capacity 14575K, committed 14720K, reserved 1048576K
}

